Error: Job  303657 does not have a corrosponding RUR file: /ufs/RUR/output/rur.output.NCEP-RESTON@303657
Error: Job  303657 does not have a corrosponding RUR file: /ufs/RUR/output/rur.output.NCEP-RESTON@303657
Error: Job  303657 does not have a corrosponding RUR file: /ufs/RUR/output/rur.output.NCEP-RESTON@303657
Error: Job  303657 does not have a corrosponding RUR file: /ufs/RUR/output/rur.output.NCEP-RESTON@303657
Error: Job  303657 does not have a corrosponding RUR file: /ufs/RUR/output/rur.output.NCEP-RESTON@303657
Error: Job  303657 does not have a corrosponding RUR file: /ufs/RUR/output/rur.output.NCEP-RESTON@303657
Error: Job  303657 does not have a corrosponding RUR file: /ufs/RUR/output/rur.output.NCEP-RESTON@303657
Error: Job  303657 does not have a corrosponding RUR file: /ufs/RUR/output/rur.output.NCEP-RESTON@303657
Error: Job  303657 does not have a corrosponding RUR file: /ufs/RUR/output/rur.output.NCEP-RESTON@303657
Error: Job  303657 does not have a corrosponding RUR file: /ufs/RUR/output/rur.output.NCEP-RESTON@303657
Error: Job  303657 does not have a corrosponding RUR file: /ufs/RUR/output/rur.output.NCEP-RESTON@303657
Error: Job  303657 does not have a corrosponding RUR file: /ufs/RUR/output/rur.output.NCEP-RESTON@303657
Error: Job  303657 does not have a corrosponding RUR file: /ufs/RUR/output/rur.output.NCEP-RESTON@303657
Error: Job  303657 does not have a corrosponding RUR file: /ufs/RUR/output/rur.output.NCEP-RESTON@303657
Data collected from /ufs/RUR/output/rur.output.NCEP-RESTON@303657
------------------------------------------------------------------------

ALPS Resource Utilization Report (RUR) Summary for LSF Job: 303657

STATUS:


          APP START:                 2020-02-19:00:52:56 UTC
          APP STOP:                  2020-02-19:01:28:35 UTC
          exit codes:                0 
          core files:                0

CPU:


          stime:                    248.828000 s
          utime:                    1339.280000 s

MEMORY:


          max_rss:                  2356.33 MiB
          accumulated max_rss:      2356.33 MiB
          active(anon):             46.74 MiB
          active(file):             1.44 MiB
          inactive(anon):           4.47 MiB
          inactive(file):           6.75 MiB
          majfaults:                1018
          minfaults:                61551983
          pageswpcnt:               0

I/O: 


          rcalls:                   7082840
          wcalls:                   231562
          rchar:                    453378.31 MiB
          wchar:                    936.05 MiB
          bkiowait:                 3.6486061010 s
