Error: Job  746722 does not have a corrosponding RUR file: /ufs/RUR/output/rur.output.NCEP-RESTON@746722
Data collected from /ufs/RUR/output/rur.output.NCEP-RESTON@746722
------------------------------------------------------------------------

ALPS Resource Utilization Report (RUR) Summary for LSF Job: 746722

STATUS:


          APP START:                 2020-01-22:04:04:16 UTC
          APP STOP:                  2020-01-22:04:37:00 UTC
          exit codes:                0 
          core files:                0

CPU:


          stime:                    172.984000 s
          utime:                    1247.984000 s

MEMORY:


          max_rss:                  2356.33 MiB
          accumulated max_rss:      2356.33 MiB
          active(anon):             28.64 MiB
          active(file):             1.23 MiB
          inactive(anon):           2.12 MiB
          inactive(file):           6.89 MiB
          majfaults:                1018
          minfaults:                45644774
          pageswpcnt:               0

I/O: 


          rcalls:                   5824398
          wcalls:                   176127
          rchar:                    371704.17 MiB
          wchar:                    784.75 MiB
          bkiowait:                 1.6716101210 s
